<?xml version="1.0" encoding="UTF-8"?>
<!-- Generated by org.testng.reporters.JUnitXMLReporter -->
<testsuite ignored="0" hostname="DESKTOP-C4NST0J" failures="1" tests="1" name="Test" time="19.602" errors="0" timestamp="2022-06-17T16:04:01 IST">
  <testcase classname="com.hrm.testscript.DataDrivenTest" name="TestMultipleUserLogin" time="0.022">
    <failure type="org.testng.internal.reflect.MethodMatcherException" message="
[public void com.hrm.testscript.DataDrivenTest.TestMultipleUserLogin(java.lang.String,java.lang.String)] has no parameters defined but was found to be using a data provider (either explicitly specified or inherited from class level annotation).
Data provider mismatch
Method: TestMultipleUserLogin([Parameter{index=0, type=java.lang.String, declaredAnnotations=[]}, Parameter{index=1, type=java.lang.String, declaredAnnotations=[]}])
Arguments: [(java.lang.String) Shahbaz,(java.lang.String) admin,null]">
      <![CDATA[org.testng.internal.reflect.MethodMatcherException: 
[public void com.hrm.testscript.DataDrivenTest.TestMultipleUserLogin(java.lang.String,java.lang.String)] has no parameters defined but was found to be using a data provider (either explicitly specified or inherited from class level annotation).
Data provider mismatch
Method: TestMultipleUserLogin([Parameter{index=0, type=java.lang.String, declaredAnnotations=[]}, Parameter{index=1, type=java.lang.String, declaredAnnotations=[]}])
Arguments: [(java.lang.String) Shahbaz,(java.lang.String) admin,null]
at java.base/java.util.ArrayList.forEach(ArrayList.java:1511)
... Removed 22 stack frames]]>
    </failure>
  </testcase> <!-- TestMultipleUserLogin -->
</testsuite> <!-- Test -->
