<?xml version="1.0" encoding="UTF-8"?>
<testng-results ignored="0" total="3" passed="3" failed="0" skipped="0">
  <reporter-output>
  </reporter-output>
  <suite started-at="2022-06-17T16:54:32 IST" name="Default suite" finished-at="2022-06-17T16:55:54 IST" duration-ms="81846">
    <groups>
    </groups>
    <test started-at="2022-06-17T16:54:32 IST" name="Default test" finished-at="2022-06-17T16:55:54 IST" duration-ms="81846">
      <class name="com.hrm.testscript.DataDrivenTest">
        <test-method is-config="true" signature="initialSetup()[pri:0, instance:com.hrm.testscript.DataDrivenTest@1de5f259]" started-at="2022-06-17T16:54:32 IST" name="initialSetup" finished-at="2022-06-17T16:54:45 IST" duration-ms="13749" status="PASS">
          <reporter-output>
          </reporter-output>
        </test-method> <!-- initialSetup -->
        <test-method signature="TestMultipleUserLogin(java.lang.String,java.lang.String)[pri:0, instance:com.hrm.testscript.DataDrivenTest@1de5f259]" started-at="2022-06-17T16:54:46 IST" name="TestMultipleUserLogin" data-provider="logincred" finished-at="2022-06-17T16:55:09 IST" duration-ms="23423" status="PASS">
          <params>
            <param index="0">
              <value>
                <![CDATA[abc@gmail.com]]>
              </value>
            </param>
            <param index="1">
              <value>
                <![CDATA[admin]]>
              </value>
            </param>
          </params>
          <reporter-output>
          </reporter-output>
        </test-method> <!-- TestMultipleUserLogin -->
        <test-method signature="TestMultipleUserLogin(java.lang.String,java.lang.String)[pri:0, instance:com.hrm.testscript.DataDrivenTest@1de5f259]" started-at="2022-06-17T16:55:09 IST" name="TestMultipleUserLogin" data-provider="logincred" finished-at="2022-06-17T16:55:31 IST" duration-ms="22020" status="PASS">
          <params>
            <param index="0">
              <value>
                <![CDATA[xyz@gmail.com]]>
              </value>
            </param>
            <param index="1">
              <value>
                <![CDATA[admin12]]>
              </value>
            </param>
          </params>
          <reporter-output>
          </reporter-output>
        </test-method> <!-- TestMultipleUserLogin -->
        <test-method signature="TestMultipleUserLogin(java.lang.String,java.lang.String)[pri:0, instance:com.hrm.testscript.DataDrivenTest@1de5f259]" started-at="2022-06-17T16:55:31 IST" name="TestMultipleUserLogin" data-provider="logincred" finished-at="2022-06-17T16:55:53 IST" duration-ms="21842" status="PASS">
          <params>
            <param index="0">
              <value>
                <![CDATA[shahbaz@gmail.com]]>
              </value>
            </param>
            <param index="1">
              <value>
                <![CDATA[admin123]]>
              </value>
            </param>
          </params>
          <reporter-output>
          </reporter-output>
        </test-method> <!-- TestMultipleUserLogin -->
        <test-method is-config="true" signature="quitBrowser()[pri:0, instance:com.hrm.testscript.DataDrivenTest@1de5f259]" started-at="2022-06-17T16:55:53 IST" name="quitBrowser" finished-at="2022-06-17T16:55:54 IST" duration-ms="721" status="PASS">
          <reporter-output>
          </reporter-output>
        </test-method> <!-- quitBrowser -->
      </class> <!-- com.hrm.testscript.DataDrivenTest -->
    </test> <!-- Default test -->
  </suite> <!-- Default suite -->
</testng-results>
