<?xml version="1.0" encoding="UTF-8"?>
<!-- Generated by org.testng.reporters.JUnitXMLReporter -->
<testsuite ignored="0" hostname="DESKTOP-C4NST0J" failures="0" tests="3" name="Default test" time="81.846" errors="0" timestamp="2022-06-17T16:55:54 IST">
  <testcase classname="com.hrm.testscript.DataDrivenTest" name="TestMultipleUserLogin" time="23.423"/>
  <testcase classname="com.hrm.testscript.DataDrivenTest" name="TestMultipleUserLogin" time="22.02"/>
  <testcase classname="com.hrm.testscript.DataDrivenTest" name="TestMultipleUserLogin" time="21.842"/>
</testsuite> <!-- Default test -->
